<?xml version="1.0" encoding="UTF-8"?>
<!-- Generated by org.testng.reporters.JUnitReportReporter -->
<testsuite hostname="Abduls-MBP" failures="0" tests="2" name="bdTuch.basith401.RestAPITest" time="0.007" errors="0" timestamp="2023-01-21T20:16:00 EST" skipped="0">
  <testcase classname="bdTuch.basith401.RestAPITest" name="bugtest" time="0.006"/>
  <system-out/>
  <testcase classname="bdTuch.basith401.RestAPITest" name="jiraReport" time="0.001"/>
  <system-out/>
</testsuite> <!-- bdTuch.basith401.RestAPITest -->
