<?xml version="1.0" encoding="UTF-8"?>
<!-- Generated by org.testng.reporters.JUnitReportReporter -->
<testsuite hostname="Abduls-MBP" failures="0" tests="2" name="bdTuch.basith401.AppiumTest" time="0.003" errors="0" timestamp="2023-01-21T20:16:00 EST" skipped="0">
  <testcase classname="bdTuch.basith401.AppiumTest" name="mobileLogin" time="0.002"/>
  <system-out/>
  <testcase classname="bdTuch.basith401.AppiumTest" name="mobileLogout" time="0.001"/>
  <system-out/>
</testsuite> <!-- bdTuch.basith401.AppiumTest -->
